<?xml version="1.0" encoding="UTF-8"?>
<testsuite xmlns:xsi="http://www.w3.org/2001/XMLSchema-instance" xsi:noNamespaceSchemaLocation="https://maven.apache.org/surefire/maven-failsafe-plugin/xsd/failsafe-test-report-3.0.xsd" version="3.0" name="Account Page Feature" time="24.127" tests="2" errors="0" skipped="0" failures="0">
  <properties>
[...]
</properties>
  <testcase name="Account Page Title" classname="Account Page Feature" time="13.962">
    <system-out><![CDATA[
Scenario: Account Page Title                                        &amp#27;[90m# src/test/resources/features/accountPage.feature:7&amp#27;[0m
Browser name: edge
Browser value is: edge
Login with: 
username: jonathan_cucho@hotmail.com
password: realpassword12345
  &amp#27;[32mGiven &amp#27;[0m&amp#27;[32muser has already logged in to application&amp#27;[0m                   &amp#27;[90m# com.stepDefinitions.AccountPageSteps.user_has_already_logged_in_to_application(io.cucumber.datatable.DataTable)&amp#27;[0m
    | username                   | password          |
    | jonathan_cucho@hotmail.com | realpassword12345 |
Actual Account page title: My Account – Automation Practice Site
  &amp#27;[32mGiven &amp#27;[0m&amp#27;[32muser is on Account Page&amp#27;[0m                                     &amp#27;[90m# com.stepDefinitions.AccountPageSteps.user_is_on_account_page()&amp#27;[0m
  &amp#27;[32mWhen &amp#27;[0m&amp#27;[32muser gets the title of the page&amp#27;[0m                              &amp#27;[90m# com.stepDefinitions.LoginPageSteps.user_gets_the_title_of_the_page()&amp#27;[0m
Title of this page is: My Account – Automation Practice Site
  &amp#27;[32mThen &amp#27;[0m&amp#27;[32mpage title should be &amp#27;[0m&amp#27;[32m&amp#27;[1m"My Account â€“ Automation Practice Site"&amp#27;[0m &amp#27;[90m# com.stepDefinitions.LoginPageSteps.page_title_should_be(java.lang.String)&amp#27;[0m
]]></system-out>
    <system-err><![CDATA[Starting Microsoft Edge WebDriver 107.0.1418.35 (806ca5c53c4f7495ba45feaf2b3355caf96d7f74) on port 62868
To submit feedback, report a bug, or suggest new features, please visit https://github.com/MicrosoftEdge/EdgeWebDriver

Only local connections are allowed.
Please see https://aka.ms/WebDriverSecurity for suggestions on keeping Microsoft Edge WebDriver safe.

Microsoft Edge WebDriver was started successfully.
nov 08, 2022 4:02:56 PM org.openqa.selenium.remote.ProtocolHandshake createSession
INFORMACIÓN: Detected upstream dialect: W3C
nov 08, 2022 4:02:56 PM org.openqa.selenium.devtools.CdpVersionFinder findNearestMatch
ADVERTENCIA: Unable to find an exact match for CDP version 107, so returning the closest version found: 106
nov 08, 2022 4:02:56 PM org.openqa.selenium.devtools.CdpVersionFinder findNearestMatch
INFORMACIÓN: Found CDP implementation for version 107 of 106
]]></system-err>
  </testcase>
  <testcase name="Account section count" classname="Account Page Feature" time="10.165">
    <system-out><![CDATA[
Scenario: Account section count                   &amp#27;[90m# src/test/resources/features/accountPage.feature:12&amp#27;[0m
Browser name: edge
Browser value is: edge
Login with: 
username: jonathan_cucho@hotmail.com
password: realpassword12345
  &amp#27;[32mGiven &amp#27;[0m&amp#27;[32muser has already logged in to application&amp#27;[0m &amp#27;[90m# com.stepDefinitions.AccountPageSteps.user_has_already_logged_in_to_application(io.cucumber.datatable.DataTable)&amp#27;[0m
    | username                   | password          |
    | jonathan_cucho@hotmail.com | realpassword12345 |
Actual Account page title: My Account – Automation Practice Site
  &amp#27;[32mGiven &amp#27;[0m&amp#27;[32muser is on Account Page&amp#27;[0m                   &amp#27;[90m# com.stepDefinitions.AccountPageSteps.user_is_on_account_page()&amp#27;[0m
Expected Account Section List: 
[Dashboard, Orders, Downloads, Addresses, Account Details, Logout]
  Actual Account Section List: 
[Dashboard, Orders, Downloads, Addresses, Account Details, Logout]
  &amp#27;[32mThen &amp#27;[0m&amp#27;[32muser get account section&amp#27;[0m                   &amp#27;[90m# com.stepDefinitions.AccountPageSteps.user_get_account_section(io.cucumber.datatable.DataTable)&amp#27;[0m
    | Dashboard       |
    | Orders          |
    | Downloads       |
    | Addresses       |
    | Account Details |
    | Logout          |
Cantidad de elemento de la seccion: 6
  &amp#27;[32mAnd &amp#27;[0m&amp#27;[32maccount section count should be &amp#27;[0m&amp#27;[32m&amp#27;[1m6&amp#27;[0m           &amp#27;[90m# com.stepDefinitions.AccountPageSteps.account_section_count_should_be(java.lang.Integer)&amp#27;[0m
]]></system-out>
    <system-err><![CDATA[Starting Microsoft Edge WebDriver 107.0.1418.35 (806ca5c53c4f7495ba45feaf2b3355caf96d7f74) on port 55086
To submit feedback, report a bug, or suggest new features, please visit https://github.com/MicrosoftEdge/EdgeWebDriver

Only local connections are allowed.
Please see https://aka.ms/WebDriverSecurity for suggestions on keeping Microsoft Edge WebDriver safe.

Microsoft Edge WebDriver was started successfully.
nov 08, 2022 4:03:06 PM org.openqa.selenium.remote.ProtocolHandshake createSession
INFORMACIÓN: Detected upstream dialect: W3C
nov 08, 2022 4:03:06 PM org.openqa.selenium.devtools.CdpVersionFinder findNearestMatch
ADVERTENCIA: Unable to find an exact match for CDP version 107, so returning the closest version found: 106
nov 08, 2022 4:03:06 PM org.openqa.selenium.devtools.CdpVersionFinder findNearestMatch
INFORMACIÓN: Found CDP implementation for version 107 of 106
]]></system-err>
  </testcase>
</testsuite>